Started at Thu Sep 24 19:15:23 UTC 2020
Processing CodePull
Offering CodePull to Project Build Discarder
Processing Job1
Offering Job1 to Project Build Discarder
Processing MVN All
Offering MVN All to Project Build Discarder
Processing MVN Deploy
Offering MVN Deploy to Project Build Discarder
Processing MVN INSTALL
Offering MVN INSTALL to Project Build Discarder
Processing MVN INSTALL TEST -PSELENIUM DEPLOY
Offering MVN INSTALL TEST -PSELENIUM DEPLOY to Project Build Discarder
Processing MVN test -Pselenium
Offering MVN test -Pselenium to Project Build Discarder
Processing panda academy
Offering panda academy to Project Build Discarder
Processing PandaJob1
Offering PandaJob1 to Project Build Discarder
Processing Pipeline1st
Offering Pipeline1st to Project Build Discarder
Processing Pipeline2nd
Offering Pipeline2nd to Project Build Discarder
Processing PipelineFinal
Offering PipelineFinal to Project Build Discarder
Processing PipelinePanda1
Offering PipelinePanda1 to Project Build Discarder
Processing TestAnsibleTerraform
Offering TestAnsibleTerraform to Project Build Discarder
Finished at Thu Sep 24 19:15:23 UTC 2020. 26ms
Started at Thu Sep 24 20:15:23 UTC 2020
Processing CodePull
Offering CodePull to Project Build Discarder
Processing Job1
Offering Job1 to Project Build Discarder
Processing MVN All
Offering MVN All to Project Build Discarder
Processing MVN Deploy
Offering MVN Deploy to Project Build Discarder
Processing MVN INSTALL
Offering MVN INSTALL to Project Build Discarder
Processing MVN INSTALL TEST -PSELENIUM DEPLOY
Offering MVN INSTALL TEST -PSELENIUM DEPLOY to Project Build Discarder
Processing MVN test -Pselenium
Offering MVN test -Pselenium to Project Build Discarder
Processing panda academy
Offering panda academy to Project Build Discarder
Processing PandaJob1
Offering PandaJob1 to Project Build Discarder
Processing Pipeline1st
Offering Pipeline1st to Project Build Discarder
Processing Pipeline2nd
Offering Pipeline2nd to Project Build Discarder
Processing PipelineFinal
Offering PipelineFinal to Project Build Discarder
Processing PipelinePanda1
Offering PipelinePanda1 to Project Build Discarder
Processing TestAnsibleTerraform
Offering TestAnsibleTerraform to Project Build Discarder
Finished at Thu Sep 24 20:15:23 UTC 2020. 12ms
Started at Thu Sep 24 21:15:23 UTC 2020
Processing CodePull
Offering CodePull to Project Build Discarder
Processing Job1
Offering Job1 to Project Build Discarder
Processing MVN All
Offering MVN All to Project Build Discarder
Processing MVN Deploy
Offering MVN Deploy to Project Build Discarder
Processing MVN INSTALL
Offering MVN INSTALL to Project Build Discarder
Processing MVN INSTALL TEST -PSELENIUM DEPLOY
Offering MVN INSTALL TEST -PSELENIUM DEPLOY to Project Build Discarder
Processing MVN test -Pselenium
Offering MVN test -Pselenium to Project Build Discarder
Processing panda academy
Offering panda academy to Project Build Discarder
Processing PandaJob1
Offering PandaJob1 to Project Build Discarder
Processing Pipeline1st
Offering Pipeline1st to Project Build Discarder
Processing Pipeline2nd
Offering Pipeline2nd to Project Build Discarder
Processing PipelineFinal
Offering PipelineFinal to Project Build Discarder
Processing PipelinePanda1
Offering PipelinePanda1 to Project Build Discarder
Processing TestAnsibleTerraform
Offering TestAnsibleTerraform to Project Build Discarder
Finished at Thu Sep 24 21:15:23 UTC 2020. 5ms
