--- Copying files at Tue Sep  1 17:28:22 UTC 2020
--- Copying files at Wed Sep  2 17:29:40 UTC 2020
--- Copying files at Wed Sep  2 17:56:28 UTC 2020
--- Copying files at Wed Sep  2 17:56:49 UTC 2020
--- Copying files at Wed Sep  2 18:19:15 UTC 2020
--- Copying files at Wed Sep  2 18:26:48 UTC 2020
--- Copying files at Mon Sep  7 16:47:32 UTC 2020
--- Copying files at Mon Sep  7 17:21:37 UTC 2020
--- Copying files at Tue Sep  8 19:07:02 UTC 2020
--- Copying files at Sun Sep 13 21:31:36 UTC 2020
--- Copying files at Sun Sep 13 22:56:17 UTC 2020
--- Copying files at Sun Sep 13 23:01:58 UTC 2020
--- Copying files at Sun Sep 13 23:11:51 UTC 2020
--- Copying files at Sun Sep 13 23:36:26 UTC 2020
--- Copying files at Sun Sep 13 23:40:52 UTC 2020
--- Copying files at Mon Sep 14 00:25:13 UTC 2020
--- Copying files at Mon Sep 14 09:31:16 UTC 2020
--- Copying files at Mon Sep 14 14:55:45 UTC 2020
--- Copying files at Mon Sep 14 18:55:50 UTC 2020
--- Copying files at Mon Sep 14 22:14:52 UTC 2020
--- Copying files at Tue Sep 15 23:52:57 UTC 2020
--- Copying files at Wed Sep 16 00:02:32 UTC 2020
--- Copying files at Wed Sep 16 08:38:40 UTC 2020
--- Copying files at Wed Sep 16 13:17:28 UTC 2020
--- Copying files at Wed Sep 16 13:54:43 UTC 2020
--- Copying files at Wed Sep 16 17:32:50 UTC 2020
--- Copying files at Wed Sep 16 17:52:05 UTC 2020
--- Copying files at Wed Sep 23 15:22:24 UTC 2020
--- Copying files at Wed Sep 23 22:31:30 UTC 2020
--- Copying files at Wed Sep 23 23:21:31 UTC 2020
--- Copying files at Thu Sep 24 18:51:30 UTC 2020
